Using pre-set license
Built from '2021.3/staging' branch; Version is '2021.3.36f1 (7a0645017be0) revision 7996997'; Using compiler version '192829333'; Build Type 'Release'
OS: 'Windows 11  (10.0.22631) 64bit Core' Language: 'es' Physical Memory: 16167 MB
BatchMode: 1, IsHumanControllingUs: 0, StartBugReporterOnCrash: 0, Is64bit: 1, IsPro: 1

COMMAND LINE ARGUMENTS:
C:\Program Files\Unity\Hub\Editor\2021.3.36f1\Editor\Unity.exe
-adb2
-batchMode
-noUpm
-name
AssetImportWorker1
-projectPath
D:/Torre/Clases Harvard/Game Dev CS50/Tareas/Helicopter Game/Source Code/helicopter
-logFile
Logs/AssetImportWorker1.log
-srvPort
52377
Successfully changed project path to: D:/Torre/Clases Harvard/Game Dev CS50/Tareas/Helicopter Game/Source Code/helicopter
D:/Torre/Clases Harvard/Game Dev CS50/Tareas/Helicopter Game/Source Code/helicopter
[UnityMemory] Configuration Parameters - Can be set up in boot.config
    "memorysetup-bucket-allocator-granularity=16"
    "memorysetup-bucket-allocator-bucket-count=8"
    "memorysetup-bucket-allocator-block-size=33554432"
    "memorysetup-bucket-allocator-block-count=8"
    "memorysetup-main-allocator-block-size=16777216"
    "memorysetup-thread-allocator-block-size=16777216"
    "memorysetup-gfx-main-allocator-block-size=16777216"
    "memorysetup-gfx-thread-allocator-block-size=16777216"
    "memorysetup-cache-allocator-block-size=4194304"
    "memorysetup-typetree-allocator-block-size=2097152"
    "memorysetup-profiler-bucket-allocator-granularity=16"
    "memorysetup-profiler-bucket-allocator-bucket-count=8"
    "memorysetup-profiler-bucket-allocator-block-size=33554432"
    "memorysetup-profiler-bucket-allocator-block-count=8"
    "memorysetup-profiler-allocator-block-size=16777216"
    "memorysetup-profiler-editor-allocator-block-size=1048576"
    "memorysetup-temp-allocator-size-main=16777216"
    "memorysetup-job-temp-allocator-block-size=2097152"
    "memorysetup-job-temp-allocator-block-size-background=1048576"
    "memorysetup-job-temp-allocator-reduction-small-platforms=262144"
    "memorysetup-temp-allocator-size-background-worker=32768"
    "memorysetup-temp-allocator-size-job-worker=262144"
    "memorysetup-temp-allocator-size-preload-manager=33554432"
    "memorysetup-temp-allocator-size-nav-mesh-worker=65536"
    "memorysetup-temp-allocator-size-audio-worker=65536"
    "memorysetup-temp-allocator-size-cloud-worker=32768"
    "memorysetup-temp-allocator-size-gi-baking-worker=262144"
    "memorysetup-temp-allocator-size-gfx=262144"
Player connection [21008] Host "[IP] 192.168.1.38 [Port] 0 [Flags] 2 [Guid] 1462039354 [EditorId] 1462039354 [Version] 1048832 [Id] WindowsEditor(7,eduardo-lenovo) [Debug] 1 [PackageName] WindowsEditor [ProjectName] Editor" joined multi-casting on [225.0.0.222:54997]...

Player connection [21008] Host "[IP] 192.168.1.38 [Port] 0 [Flags] 2 [Guid] 1462039354 [EditorId] 1462039354 [Version] 1048832 [Id] WindowsEditor(7,eduardo-lenovo) [Debug] 1 [PackageName] WindowsEditor [ProjectName] Editor" joined alternative multi-casting on [225.0.0.222:34997]...

[Physics::Module] Initialized MultithreadedJobDispatcher with {0} workers.
Refreshing native plugins compatible for Editor in 34.51 ms, found 2 plugins.
Preloading 0 native plugins for Editor in 0.00 ms.
Initialize engine version: 2021.3.36f1 (7a0645017be0)
[Subsystems] Discovering subsystems at path C:/Program Files/Unity/Hub/Editor/2021.3.36f1/Editor/Data/Resources/UnitySubsystems
[Subsystems] Discovering subsystems at path D:/Torre/Clases Harvard/Game Dev CS50/Tareas/Helicopter Game/Source Code/helicopter/Assets
GfxDevice: creating device client; threaded=0; jobified=0
Direct3D:
    Version:  Direct3D 11.0 [level 11.1]
    Renderer: Intel(R) Iris(R) Xe Graphics (ID=0x9a49)
    Vendor:   Intel
    VRAM:     8083 MB
    Driver:   31.0.101.4502
Initialize mono
Mono path[0] = 'C:/Program Files/Unity/Hub/Editor/2021.3.36f1/Editor/Data/Managed'
Mono path[1] = 'C:/Program Files/Unity/Hub/Editor/2021.3.36f1/Editor/Data/MonoBleedingEdge/lib/mono/unityjit-win32'
Mono config path = 'C:/Program Files/Unity/Hub/Editor/2021.3.36f1/Editor/Data/MonoBleedingEdge/etc'
Using monoOptions --debugger-agent=transport=dt_socket,embedding=1,server=y,suspend=n,address=127.0.0.1:56808
Begin MonoManager ReloadAssembly
Registering precompiled unity dll's ...
Register platform support module: C:/Program Files/Unity/Hub/Editor/2021.3.36f1/Editor/Data/PlaybackEngines/WindowsStandaloneSupport/UnityEditor.WindowsStandalone.Extensions.dll
Registered in 0.006543 seconds.
Native extension for WindowsStandalone target not found
Refreshing native plugins compatible for Editor in 44.74 ms, found 2 plugins.
Preloading 0 native plugins for Editor in 0.00 ms.
Mono: successfully reloaded assembly
- Completed reload, in  0.619 seconds
Domain Reload Profiling:
	ReloadAssembly (620ms)
		BeginReloadAssembly (104ms)
			ExecutionOrderSort (0ms)
			DisableScriptedObjects (0ms)
			BackupInstance (0ms)
			ReleaseScriptingObjects (0ms)
			CreateAndSetChildDomain (1ms)
		EndReloadAssembly (404ms)
			LoadAssemblies (102ms)
			RebuildTransferFunctionScriptingTraits (0ms)
			SetupTypeCache (108ms)
			ReleaseScriptCaches (0ms)
			RebuildScriptCaches (28ms)
			SetupLoadedEditorAssemblies (226ms)
				LogAssemblyErrors (0ms)
				InitializePlatformSupportModulesInManaged (6ms)
				SetLoadedEditorAssemblies (0ms)
				RefreshPlugins (45ms)
				BeforeProcessingInitializeOnLoad (1ms)
				ProcessInitializeOnLoadAttributes (137ms)
				ProcessInitializeOnLoadMethodAttributes (36ms)
				AfterProcessingInitializeOnLoad (0ms)
				EditorAssembliesLoaded (0ms)
			ExecutionOrderSort2 (0ms)
			AwakeInstancesAfterBackupRestoration (0ms)
Platform modules already initialized, skipping
Registering precompiled user dll's ...
Registered in 0.004838 seconds.
Begin MonoManager ReloadAssembly
Symbol file LoadedFromMemory is not a mono symbol file
Native extension for WindowsStandalone target not found
Refreshing native plugins compatible for Editor in 0.62 ms, found 2 plugins.
Preloading 0 native plugins for Editor in 0.00 ms.
Package Manager log level set to [2]
[Package Manager] Server::EnsureServerProcessIsRunning -- launch failed, reason: Unity was launched with the -noUpm command-line argument
[Package Manager] Cannot connect to Unity Package Manager local server
Mono: successfully reloaded assembly
- Completed reload, in  1.574 seconds
Domain Reload Profiling:
	ReloadAssembly (1575ms)
		BeginReloadAssembly (122ms)
			ExecutionOrderSort (0ms)
			DisableScriptedObjects (4ms)
			BackupInstance (0ms)
			ReleaseScriptingObjects (0ms)
			CreateAndSetChildDomain (19ms)
		EndReloadAssembly (1324ms)
			LoadAssemblies (94ms)
			RebuildTransferFunctionScriptingTraits (0ms)
			SetupTypeCache (223ms)
			ReleaseScriptCaches (0ms)
			RebuildScriptCaches (46ms)
			SetupLoadedEditorAssemblies (936ms)
				LogAssemblyErrors (0ms)
				InitializePlatformSupportModulesInManaged (4ms)
				SetLoadedEditorAssemblies (0ms)
				RefreshPlugins (1ms)
				BeforeProcessingInitializeOnLoad (72ms)
				ProcessInitializeOnLoadAttributes (684ms)
				ProcessInitializeOnLoadMethodAttributes (164ms)
				AfterProcessingInitializeOnLoad (10ms)
				EditorAssembliesLoaded (0ms)
			ExecutionOrderSort2 (0ms)
			AwakeInstancesAfterBackupRestoration (8ms)
Platform modules already initialized, skipping
========================================================================
Worker process is ready to serve import requests
Launched and connected shader compiler UnityShaderCompiler.exe after 0.07 seconds
Refreshing native plugins compatible for Editor in 0.59 ms, found 2 plugins.
Preloading 0 native plugins for Editor in 0.00 ms.
Unloading 2472 Unused Serialized files (Serialized files now loaded: 0)
Unloading 62 unused Assets / (47.8 KB). Loaded Objects now: 2914.
Memory consumption went from 95.0 MB to 94.9 MB.
Total: 8.121700 ms (FindLiveObjects: 0.227800 ms CreateObjectMapping: 0.072600 ms MarkObjects: 7.680700 ms  DeleteObjects: 0.138300 ms)

AssetImportParameters requested are different than current active one (requested -> active):
  custom:video-decoder-ogg-theora: a1e56fd34408186e4bbccfd4996cb3dc -> 
  custom:container-muxer-webm: aa71ff27fc2769a1b78a27578f13a17b -> 
  custom:container-demuxer-webm: 4f35f7cbe854078d1ac9338744f61a02 -> 
  custom:video-encoder-webm-vp8: eb34c28f22e8b96e1ab97ce403110664 -> 
  custom:video-codec-MediaFoundation-h265: 746d11721c4dcdbdad8f713fa42b33f4 -> 
  custom:CustomObjectIndexerAttribute: bc11b3a6c3213fcdd17b65e7da85e133 -> 
  custom:audio-encoder-webm-vorbis: bf7c407c2cedff20999df2af8eb42d56 -> 
  custom:framework-win-MediaFoundation: 216162199b28c13a410421893ffa2e32 -> 
  custom:SearchIndexIgnoredProperties: e643bd26f0fe6173181afceb89e7c659 -> 
  custom:container-demuxer-ogg: 62fdf1f143b41e24485cea50d1cbac27 -> 
  custom:video-decoder-webm-vp8: 9c59270c3fd7afecdb556c50c9e8de78 -> 
  custom:audio-decoder-ogg-vorbis: bf7c407c2cedff20999df2af8eb42d56 -> 
========================================================================
Received Import Request.
  Time since last request: 822712.066247 seconds.
  path: Assets/ProtoPack/Materials/Textures/KeyTexture.png
  artifactKey: Guid(669a9b1b35549c045aa579c14b443e15) Importer(2089858483,0ecaa5967403d082aa24f35e1b516d23)
Number of updated assets reloaded before import = 0
Start importing Assets/ProtoPack/Materials/Textures/KeyTexture.png using Guid(669a9b1b35549c045aa579c14b443e15) Importer(2089858483,0ecaa5967403d082aa24f35e1b516d23)  -> (artifact id: '2bb3a41d8f232786c648bfa1e46905f6') in 0.191215 seconds 
Number of asset objects unloaded after import = 1
========================================================================
Received Import Request.
  Time since last request: 0.000037 seconds.
  path: Assets/Resources/Scripts/Airplane.cs
  artifactKey: Guid(bcb45777e9edadd408cc84124f1a86b5) Importer(2089858483,0ecaa5967403d082aa24f35e1b516d23)
Number of updated assets reloaded before import = 0
Start importing Assets/Resources/Scripts/Airplane.cs using Guid(bcb45777e9edadd408cc84124f1a86b5) Importer(2089858483,0ecaa5967403d082aa24f35e1b516d23)  -> (artifact id: 'f0c4a93ac56111e656c7cedca258090c') in 0.054996 seconds 
Number of asset objects unloaded after import = 0
========================================================================
Received Import Request.
  Time since last request: 0.000067 seconds.
  path: Assets/ProtoPack/Materials/GreenFloor.mat
  artifactKey: Guid(6fb9fd85d30a17e4d980c042c42d2305) Importer(2089858483,0ecaa5967403d082aa24f35e1b516d23)
Number of updated assets reloaded before import = 0
Start importing Assets/ProtoPack/Materials/GreenFloor.mat using Guid(6fb9fd85d30a17e4d980c042c42d2305) Importer(2089858483,0ecaa5967403d082aa24f35e1b516d23)  -> (artifact id: '7c95055c60864518f2b64f62ab85b2b8') in 0.142141 seconds 
Number of asset objects unloaded after import = 1
========================================================================
Received Import Request.
  Time since last request: 0.000027 seconds.
  path: Assets/Resources/Models/Materials/Material.mat
  artifactKey: Guid(0ccd4756e09e19d439710b1cd75904b7) Importer(2089858483,0ecaa5967403d082aa24f35e1b516d23)
Number of updated assets reloaded before import = 0
Start importing Assets/Resources/Models/Materials/Material.mat using Guid(0ccd4756e09e19d439710b1cd75904b7) Importer(2089858483,0ecaa5967403d082aa24f35e1b516d23)  -> (artifact id: '1e4ad5a9a2f3c448c70bdc3d2f943fec') in 0.064364 seconds 
Number of asset objects unloaded after import = 1
========================================================================
Received Import Request.
  Time since last request: 0.000020 seconds.
  path: Assets/ProtoPack/Models/Star.FBX
  artifactKey: Guid(6b6696cce671505479700ed6b4c3d105) Importer(2089858483,0ecaa5967403d082aa24f35e1b516d23)
Number of updated assets reloaded before import = 0
Start importing Assets/ProtoPack/Models/Star.FBX using Guid(6b6696cce671505479700ed6b4c3d105) Importer(2089858483,0ecaa5967403d082aa24f35e1b516d23)  -> (artifact id: '879a4495c0bbbd196a916012d4dbfa9a') in 0.080329 seconds 
Number of asset objects unloaded after import = 7
========================================================================
Received Import Request.
  Time since last request: 0.000020 seconds.
  path: Assets/MobileDependencyResolver/Editor/Google.VersionHandler.dll
  artifactKey: Guid(bb6999c8a5ce4ba99688ec579babe5b7) Importer(2089858483,0ecaa5967403d082aa24f35e1b516d23)
Number of updated assets reloaded before import = 0
Start importing Assets/MobileDependencyResolver/Editor/Google.VersionHandler.dll using Guid(bb6999c8a5ce4ba99688ec579babe5b7) Importer(2089858483,0ecaa5967403d082aa24f35e1b516d23)  -> (artifact id: '7449780f7ad5f7ea3a1e97ce165a0e28') in 0.041047 seconds 
Number of asset objects unloaded after import = 1
========================================================================
Received Import Request.
  Time since last request: 0.000022 seconds.
  path: Assets/ProtoPack/Models/Animations/ChestClose.anim
  artifactKey: Guid(59240b6db5fc18e4ab74d892893ae30c) Importer(2089858483,0ecaa5967403d082aa24f35e1b516d23)
Number of updated assets reloaded before import = 0
Start importing Assets/ProtoPack/Models/Animations/ChestClose.anim using Guid(59240b6db5fc18e4ab74d892893ae30c) Importer(2089858483,0ecaa5967403d082aa24f35e1b516d23)  -> (artifact id: '570b9e05a6e50d5e004c5663a502345b') in 0.054936 seconds 
Number of asset objects unloaded after import = 1
========================================================================
Received Import Request.
  Time since last request: 0.000021 seconds.
  path: Assets/Resources/Models/Materials/Material_001.mat
  artifactKey: Guid(a504b9a3929ea314684f78085345b659) Importer(2089858483,0ecaa5967403d082aa24f35e1b516d23)
Number of updated assets reloaded before import = 0
Start importing Assets/Resources/Models/Materials/Material_001.mat using Guid(a504b9a3929ea314684f78085345b659) Importer(2089858483,0ecaa5967403d082aa24f35e1b516d23)  -> (artifact id: '8a9e9a7d4cb93d3b30a9a676d973d0f2') in 0.394590 seconds 
Number of asset objects unloaded after import = 1
========================================================================
Received Import Request.
  Time since last request: 0.000029 seconds.
  path: Assets/Resources/Prefabs/Blades.prefab
  artifactKey: Guid(2ea6a549af472470ca1c4480bda45464) Importer(2089858483,0ecaa5967403d082aa24f35e1b516d23)
Number of updated assets reloaded before import = 0
Start importing Assets/Resources/Prefabs/Blades.prefab using Guid(2ea6a549af472470ca1c4480bda45464) Importer(2089858483,0ecaa5967403d082aa24f35e1b516d23)  -> (artifact id: '3d0c5db6b4365ea33696c98511a124b5') in 0.313487 seconds 
Number of asset objects unloaded after import = 7
========================================================================
Received Import Request.
  Time since last request: 0.000024 seconds.
  path: Assets/ProtoPack/Materials/Textures/ChestTexture.png
  artifactKey: Guid(70e8d415bec95e846a1257345f60865a) Importer(2089858483,0ecaa5967403d082aa24f35e1b516d23)
Number of updated assets reloaded before import = 0
Start importing Assets/ProtoPack/Materials/Textures/ChestTexture.png using Guid(70e8d415bec95e846a1257345f60865a) Importer(2089858483,0ecaa5967403d082aa24f35e1b516d23)  -> (artifact id: '22d4a6d59ca91ec96496dbf9fba2707b') in 0.246062 seconds 
Number of asset objects unloaded after import = 1
========================================================================
Received Import Request.
  Time since last request: 0.000029 seconds.
  path: Assets/ProtoPack/Materials/WallTextureBlack.mat
  artifactKey: Guid(53258ed5d478d95409e076835c2984b4) Importer(2089858483,0ecaa5967403d082aa24f35e1b516d23)
Number of updated assets reloaded before import = 0
Start importing Assets/ProtoPack/Materials/WallTextureBlack.mat using Guid(53258ed5d478d95409e076835c2984b4) Importer(2089858483,0ecaa5967403d082aa24f35e1b516d23)  -> (artifact id: 'e25f7afe52d5254d3a3383f2403e78fb') in 0.401994 seconds 
Number of asset objects unloaded after import = 2
========================================================================
Received Import Request.
  Time since last request: 0.000024 seconds.
  path: Assets/Resources/Textures/game_background_2.png
  artifactKey: Guid(195d3f5c1df0f44f8b7cf76ce3059c76) Importer(2089858483,0ecaa5967403d082aa24f35e1b516d23)
Number of updated assets reloaded before import = 0
Start importing Assets/Resources/Textures/game_background_2.png using Guid(195d3f5c1df0f44f8b7cf76ce3059c76) Importer(2089858483,0ecaa5967403d082aa24f35e1b516d23)  -> (artifact id: '693017348936475f62712c7946fe63e5') in 0.461303 seconds 
Number of asset objects unloaded after import = 1
========================================================================
Received Import Request.
  Time since last request: 0.000048 seconds.
  path: Assets/Resources/Scripts/SkyscraperSpawner.cs
  artifactKey: Guid(747d152cc27c6d14fa9a796f93d8feaf) Importer(2089858483,0ecaa5967403d082aa24f35e1b516d23)
Number of updated assets reloaded before import = 0
Start importing Assets/Resources/Scripts/SkyscraperSpawner.cs using Guid(747d152cc27c6d14fa9a796f93d8feaf) Importer(2089858483,0ecaa5967403d082aa24f35e1b516d23)  -> (artifact id: '6ad4cf3ccf0c58c94f2693b9487ce9da') in 0.358011 seconds 
Number of asset objects unloaded after import = 0
========================================================================
Received Import Request.
  Time since last request: 0.000026 seconds.
  path: Assets/Resources/Models/Materials/Window.mat
  artifactKey: Guid(7839318898ab24071876632a6802cb9f) Importer(2089858483,0ecaa5967403d082aa24f35e1b516d23)
Number of updated assets reloaded before import = 0
Start importing Assets/Resources/Models/Materials/Window.mat using Guid(7839318898ab24071876632a6802cb9f) Importer(2089858483,0ecaa5967403d082aa24f35e1b516d23)  -> (artifact id: '865cd8fed97b07fe458c8b0d4eed5ab7') in 0.279580 seconds 
Number of asset objects unloaded after import = 1
========================================================================
Received Import Request.
  Time since last request: 0.000026 seconds.
  path: Assets/ProtoPack/Materials/SpikesTexture.mat
  artifactKey: Guid(a40b2b9b46ac4554da0c52d925955137) Importer(2089858483,0ecaa5967403d082aa24f35e1b516d23)
Number of updated assets reloaded before import = 0
Start importing Assets/ProtoPack/Materials/SpikesTexture.mat using Guid(a40b2b9b46ac4554da0c52d925955137) Importer(2089858483,0ecaa5967403d082aa24f35e1b516d23)  -> (artifact id: 'a500532d5d21da94b28adeb2bce42980') in 0.560551 seconds 
Number of asset objects unloaded after import = 2
========================================================================
Received Import Request.
  Time since last request: 0.000026 seconds.
  path: Assets/ProtoPack/Scripts/PlatformLiftTest.cs
  artifactKey: Guid(ee8d1921848700a4293d095929fee990) Importer(2089858483,0ecaa5967403d082aa24f35e1b516d23)
Number of updated assets reloaded before import = 0
Start importing Assets/ProtoPack/Scripts/PlatformLiftTest.cs using Guid(ee8d1921848700a4293d095929fee990) Importer(2089858483,0ecaa5967403d082aa24f35e1b516d23)  -> (artifact id: '840eba19bfb56efe2722d97662b79750') in 0.325766 seconds 
Number of asset objects unloaded after import = 0
========================================================================
Received Import Request.
  Time since last request: 0.000055 seconds.
  path: Assets/ProtoPack/Materials/Textures/HeartTexture.png
  artifactKey: Guid(0101fd81024887f45a853202b1c9d9eb) Importer(2089858483,0ecaa5967403d082aa24f35e1b516d23)
Number of updated assets reloaded before import = 0
Start importing Assets/ProtoPack/Materials/Textures/HeartTexture.png using Guid(0101fd81024887f45a853202b1c9d9eb) Importer(2089858483,0ecaa5967403d082aa24f35e1b516d23)  -> (artifact id: 'af81d855fae53d9b7d0bb6e13ca770d9') in 0.345951 seconds 
Number of asset objects unloaded after import = 1
========================================================================
Received Import Request.
  Time since last request: 0.000027 seconds.
  path: Assets/Resources/Scripts/CoinSpawner.cs
  artifactKey: Guid(05fd3c03acabdb9499cbfb87f9de8f42) Importer(2089858483,0ecaa5967403d082aa24f35e1b516d23)
Number of updated assets reloaded before import = 0
Start importing Assets/Resources/Scripts/CoinSpawner.cs using Guid(05fd3c03acabdb9499cbfb87f9de8f42) Importer(2089858483,0ecaa5967403d082aa24f35e1b516d23)  -> (artifact id: '430f49cc3302fa9962f58d64b7fdb168') in 0.096193 seconds 
Number of asset objects unloaded after import = 0
========================================================================
Received Import Request.
  Time since last request: 0.000036 seconds.
  path: Assets/ProtoPack/Models/Heart.FBX
  artifactKey: Guid(9c2413a1021af9f40a88a30ec6cbd888) Importer(2089858483,0ecaa5967403d082aa24f35e1b516d23)
Number of updated assets reloaded before import = 0
Start importing Assets/ProtoPack/Models/Heart.FBX using Guid(9c2413a1021af9f40a88a30ec6cbd888) Importer(2089858483,0ecaa5967403d082aa24f35e1b516d23)  -> (artifact id: '61dcd52e3c612d9a665c583d3241ff61') in 0.038411 seconds 
Number of asset objects unloaded after import = 7
========================================================================
Received Import Request.
  Time since last request: 0.000022 seconds.
  path: Assets/ProtoPack/Models/Animations/ChestOpen.anim
  artifactKey: Guid(66136449b59750543a31812e9b772424) Importer(2089858483,0ecaa5967403d082aa24f35e1b516d23)
Number of updated assets reloaded before import = 0
Start importing Assets/ProtoPack/Models/Animations/ChestOpen.anim using Guid(66136449b59750543a31812e9b772424) Importer(2089858483,0ecaa5967403d082aa24f35e1b516d23)  -> (artifact id: '2226dba5753dd2827bb754e1b6b6d6b7') in 0.031985 seconds 
Number of asset objects unloaded after import = 1
========================================================================
Received Import Request.
  Time since last request: 0.000018 seconds.
  path: Assets/ProtoPack/Materials/Textures/MacheteTexture.png
  artifactKey: Guid(6be426f8d853b2242b45a43c6a54157e) Importer(2089858483,0ecaa5967403d082aa24f35e1b516d23)
Number of updated assets reloaded before import = 0
Start importing Assets/ProtoPack/Materials/Textures/MacheteTexture.png using Guid(6be426f8d853b2242b45a43c6a54157e) Importer(2089858483,0ecaa5967403d082aa24f35e1b516d23)  -> (artifact id: 'bd7036e138155460c82333080ace6032') in 0.023692 seconds 
Number of asset objects unloaded after import = 1
========================================================================
Received Import Request.
  Time since last request: 0.000028 seconds.
  path: Assets/ProtoPack/Models/Chest.FBX
  artifactKey: Guid(968ba461c44901f4e833fef979b48c1d) Importer(2089858483,0ecaa5967403d082aa24f35e1b516d23)
Number of updated assets reloaded before import = 0
Start importing Assets/ProtoPack/Models/Chest.FBX using Guid(968ba461c44901f4e833fef979b48c1d) Importer(2089858483,0ecaa5967403d082aa24f35e1b516d23)  -> (artifact id: 'ef44fc662a66db9829d09b293c8f3776') in 0.027158 seconds 
Number of asset objects unloaded after import = 12
========================================================================
Received Import Request.
  Time since last request: 0.000027 seconds.
  path: Assets/ProtoPack/Materials/WallTextureYellow.mat
  artifactKey: Guid(b835809e15906ac4c9a230e656be0792) Importer(2089858483,0ecaa5967403d082aa24f35e1b516d23)
Number of updated assets reloaded before import = 0
Start importing Assets/ProtoPack/Materials/WallTextureYellow.mat using Guid(b835809e15906ac4c9a230e656be0792) Importer(2089858483,0ecaa5967403d082aa24f35e1b516d23)  -> (artifact id: 'b27b1f48d16ce920a1331f7f725ca6f2') in 0.025081 seconds 
Number of asset objects unloaded after import = 2
========================================================================
Received Import Request.
  Time since last request: 0.000023 seconds.
  path: Assets/ProtoPack/Scenes/ProtoPackTestScene.unity
  artifactKey: Guid(b0335669d3f2e83438f10133f8192340) Importer(2089858483,0ecaa5967403d082aa24f35e1b516d23)
Number of updated assets reloaded before import = 0
Start importing Assets/ProtoPack/Scenes/ProtoPackTestScene.unity using Guid(b0335669d3f2e83438f10133f8192340) Importer(2089858483,0ecaa5967403d082aa24f35e1b516d23)  -> (artifact id: '2bb9d959af3c5d9c06f4ba66080ba80d') in 0.018034 seconds 
Number of asset objects unloaded after import = 1
========================================================================
Received Import Request.
  Time since last request: 0.000024 seconds.
  path: Assets/MobileDependencyResolver/Editor/Google.VersionHandlerImpl.dll
  artifactKey: Guid(369cd88e7aa04bd98e0f6c229f7c1510) Importer(2089858483,0ecaa5967403d082aa24f35e1b516d23)
Number of updated assets reloaded before import = 0
Start importing Assets/MobileDependencyResolver/Editor/Google.VersionHandlerImpl.dll using Guid(369cd88e7aa04bd98e0f6c229f7c1510) Importer(2089858483,0ecaa5967403d082aa24f35e1b516d23)  -> (artifact id: 'ad235cf7eade7f7ade1d9d45828d59cd') in 0.022098 seconds 
Number of asset objects unloaded after import = 0
========================================================================
Received Import Request.
  Time since last request: 0.000019 seconds.
  path: Assets/Resources/Sounds/explosion.wav
  artifactKey: Guid(b919f4ff95955414e9ceebddac2111c2) Importer(2089858483,0ecaa5967403d082aa24f35e1b516d23)
Number of updated assets reloaded before import = 0
Start importing Assets/Resources/Sounds/explosion.wav using Guid(b919f4ff95955414e9ceebddac2111c2) Importer(2089858483,0ecaa5967403d082aa24f35e1b516d23)  -> (artifact id: '464ac501dfcab6cb490388be867e23a2') in 0.052472 seconds 
Number of asset objects unloaded after import = 1
========================================================================
Received Import Request.
  Time since last request: 0.000021 seconds.
  path: Assets/Resources/Fonts/SuperMario256.ttf
  artifactKey: Guid(5a8cd30882ebf464fb9563c863720120) Importer(2089858483,0ecaa5967403d082aa24f35e1b516d23)
Number of updated assets reloaded before import = 0
Start importing Assets/Resources/Fonts/SuperMario256.ttf using Guid(5a8cd30882ebf464fb9563c863720120) Importer(2089858483,0ecaa5967403d082aa24f35e1b516d23)  -> (artifact id: 'ca18f1004587cba95e969925baa53ed2') in 0.046788 seconds 
Number of asset objects unloaded after import = 3
========================================================================
Received Import Request.
  Time since last request: 0.000025 seconds.
  path: Assets/Resources/Models/Materials/Windows.mat
  artifactKey: Guid(8fc43ef3a63f3c443bafb68cd3ff93ad) Importer(2089858483,0ecaa5967403d082aa24f35e1b516d23)
Number of updated assets reloaded before import = 0
Start importing Assets/Resources/Models/Materials/Windows.mat using Guid(8fc43ef3a63f3c443bafb68cd3ff93ad) Importer(2089858483,0ecaa5967403d082aa24f35e1b516d23)  -> (artifact id: '7dd0c5c577ac41fee90318b9a1b33a1c') in 0.037857 seconds 
Number of asset objects unloaded after import = 1
========================================================================
Received Import Request.
  Time since last request: 0.000016 seconds.
  path: Assets/ProtoPack/Models/Animations/DoorOpen.anim
  artifactKey: Guid(1683c84af1316e04ea9e107d20793635) Importer(2089858483,0ecaa5967403d082aa24f35e1b516d23)
Number of updated assets reloaded before import = 0
Start importing Assets/ProtoPack/Models/Animations/DoorOpen.anim using Guid(1683c84af1316e04ea9e107d20793635) Importer(2089858483,0ecaa5967403d082aa24f35e1b516d23)  -> (artifact id: '2bb0d10154cffd62e1a31196ad60eb6b') in 0.026796 seconds 
Number of asset objects unloaded after import = 1
Editor requested this worker to shutdown with reason: Scaling down because of idle timeout
AssetImportWorker is now disconnected from the server
Process exiting
Exiting without the bug reporter. Application will terminate with return code 0